<?xml version="1.0" encoding="UTF-8"?>
<!-- Generated by org.testng.reporters.JUnitXMLReporter -->
<testsuite hostname="abi-PC" name="Create and Edit" tests="2" failures="1" timestamp="23 Jun 2018 06:00:33 GMT" time="22.129" errors="0">
  <testcase name="createLead" time="16.094" classname="lib.selenium.CreateLead"/>
  <testcase name="editLead" time="0.002" classname="tests.EditLead">
    <failure type="java.lang.NullPointerException">
      <![CDATA[java.lang.NullPointerException
	at lib.selenium.WebDriverServiceImpl.locateElement(WebDriverServiceImpl.java:19)
	at tests.EditLead.editLead(EditLead.java:14)
... Removed 24 stack frames]]>
    </failure>
  </testcase> <!-- editLead -->
</testsuite> <!-- Create and Edit -->
