<?xml version="1.0" encoding="UTF-8"?>
<testng-results skipped="0" failed="0" ignored="0" total="1" passed="1">
  <reporter-output>
  </reporter-output>
  <suite name="Default suite" duration-ms="24184" started-at="2018-07-08T04:37:21Z" finished-at="2018-07-08T04:37:46Z">
    <groups>
    </groups>
    <test name="Default test" duration-ms="24184" started-at="2018-07-08T04:37:21Z" finished-at="2018-07-08T04:37:46Z">
      <class name="test.CreateLead">
        <test-method status="PASS" signature="beforeSuite()[pri:0, instance:test.CreateLead@67ae56]" name="beforeSuite" is-config="true" duration-ms="15" started-at="2018-07-08T10:07:21Z" finished-at="2018-07-08T10:07:21Z">
          <reporter-output>
          </reporter-output>
        </test-method> <!-- beforeSuite -->
        <test-method status="PASS" signature="beforeTest()[pri:0, instance:test.CreateLead@67ae56]" name="beforeTest" is-config="true" duration-ms="0" started-at="2018-07-08T10:07:21Z" finished-at="2018-07-08T10:07:21Z">
          <reporter-output>
          </reporter-output>
        </test-method> <!-- beforeTest -->
        <test-method status="PASS" signature="beforeClass()[pri:0, instance:test.CreateLead@67ae56]" name="beforeClass" is-config="true" duration-ms="0" started-at="2018-07-08T10:07:21Z" finished-at="2018-07-08T10:07:21Z">
          <reporter-output>
          </reporter-output>
        </test-method> <!-- beforeClass -->
        <test-method status="PASS" signature="beforeMethod()[pri:0, instance:test.CreateLead@67ae56]" name="beforeMethod" is-config="true" duration-ms="6601" started-at="2018-07-08T10:07:21Z" finished-at="2018-07-08T10:07:28Z">
          <reporter-output>
          </reporter-output>
        </test-method> <!-- beforeMethod -->
        <test-method status="PASS" signature="createLead()[pri:0, instance:test.CreateLead@67ae56]" name="createLead" duration-ms="16891" started-at="2018-07-08T10:07:28Z" finished-at="2018-07-08T10:07:45Z">
          <reporter-output>
          </reporter-output>
        </test-method> <!-- createLead -->
        <test-method status="PASS" signature="afterMethod()[pri:0, instance:test.CreateLead@67ae56]" name="afterMethod" is-config="true" duration-ms="642" started-at="2018-07-08T10:07:45Z" finished-at="2018-07-08T10:07:46Z">
          <reporter-output>
          </reporter-output>
        </test-method> <!-- afterMethod -->
        <test-method status="PASS" signature="afterClass()[pri:0, instance:test.CreateLead@67ae56]" name="afterClass" is-config="true" duration-ms="0" started-at="2018-07-08T10:07:46Z" finished-at="2018-07-08T10:07:46Z">
          <reporter-output>
          </reporter-output>
        </test-method> <!-- afterClass -->
        <test-method status="PASS" signature="afterTest()[pri:0, instance:test.CreateLead@67ae56]" name="afterTest" is-config="true" duration-ms="0" started-at="2018-07-08T10:07:46Z" finished-at="2018-07-08T10:07:46Z">
          <reporter-output>
          </reporter-output>
        </test-method> <!-- afterTest -->
        <test-method status="PASS" signature="afterSuite()[pri:0, instance:test.CreateLead@67ae56]" name="afterSuite" is-config="true" duration-ms="0" started-at="2018-07-08T10:07:46Z" finished-at="2018-07-08T10:07:46Z">
          <reporter-output>
          </reporter-output>
        </test-method> <!-- afterSuite -->
      </class> <!-- test.CreateLead -->
    </test> <!-- Default test -->
  </suite> <!-- Default suite -->
</testng-results>
